<?xml version="1.0" encoding="UTF-8"?>
<coverage generated="1544389963">
  <project timestamp="1544389963">
    <file name="/Users/bc/tripal/sites/all/modules/custom/tripal_eutils/includes/repositories/EUtilsAssemblyRepository.php">
      <class name="EUtilsAssemblyRepository" namespace="global">
        <metrics complexity="21" methods="6" coveredmethods="0" conditionals="0" coveredconditionals="0" statements="102" coveredstatements="23" elements="108" coveredelements="23"/>
      </class>
      <line num="51" type="method" name="create" visibility="public" complexity="2" crap="6" count="0"/>
      <line num="52" type="stmt" count="0"/>
      <line num="53" type="stmt" count="0"/>
      <line num="55" type="stmt" count="0"/>
      <line num="59" type="stmt" count="0"/>
      <line num="62" type="stmt" count="0"/>
      <line num="63" type="stmt" count="0"/>
      <line num="69" type="stmt" count="0"/>
      <line num="70" type="stmt" count="0"/>
      <line num="71" type="stmt" count="0"/>
      <line num="72" type="stmt" count="0"/>
      <line num="73" type="stmt" count="0"/>
      <line num="74" type="stmt" count="0"/>
      <line num="78" type="stmt" count="0"/>
      <line num="81" type="stmt" count="0"/>
      <line num="82" type="stmt" count="0"/>
      <line num="88" type="stmt" count="0"/>
      <line num="89" type="stmt" count="0"/>
      <line num="90" type="stmt" count="0"/>
      <line num="92" type="stmt" count="0"/>
      <line num="97" type="stmt" count="0"/>
      <line num="102" type="stmt" count="0"/>
      <line num="103" type="stmt" count="0"/>
      <line num="104" type="stmt" count="0"/>
      <line num="105" type="stmt" count="0"/>
      <line num="106" type="stmt" count="0"/>
      <line num="108" type="stmt" count="0"/>
      <line num="111" type="stmt" count="0"/>
      <line num="114" type="stmt" count="0"/>
      <line num="122" type="method" name="createLinkedRecords" visibility="public" complexity="7" crap="14.27" count="2"/>
      <line num="124" type="stmt" count="2"/>
      <line num="128" type="stmt" count="2"/>
      <line num="131" type="stmt" count="0"/>
      <line num="132" type="stmt" count="0"/>
      <line num="135" type="stmt" count="0"/>
      <line num="137" type="stmt" count="2"/>
      <line num="139" type="stmt" count="2"/>
      <line num="140" type="stmt" count="2"/>
      <line num="142" type="stmt" count="2"/>
      <line num="144" type="stmt" count="0"/>
      <line num="145" type="stmt" count="0"/>
      <line num="146" type="stmt" count="0"/>
      <line num="148" type="stmt" count="0"/>
      <line num="150" type="stmt" count="0"/>
      <line num="154" type="stmt" count="0"/>
      <line num="158" type="stmt" count="2"/>
      <line num="162" type="stmt" count="2"/>
      <line num="173" type="method" name="linkOrganism" visibility="public" complexity="4" crap="4.03" count="3"/>
      <line num="175" type="stmt" count="3"/>
      <line num="176" type="stmt" count="0"/>
      <line num="179" type="stmt" count="3"/>
      <line num="180" type="stmt" count="3"/>
      <line num="181" type="stmt" count="3"/>
      <line num="182" type="stmt" count="3"/>
      <line num="183" type="stmt" count="3"/>
      <line num="184" type="stmt" count="3"/>
      <line num="186" type="stmt" count="3"/>
      <line num="188" type="stmt" count="3"/>
      <line num="189" type="stmt" count="3"/>
      <line num="190" type="stmt" count="3"/>
      <line num="191" type="stmt" count="3"/>
      <line num="193" type="stmt" count="3"/>
      <line num="196" type="stmt" count="3"/>
      <line num="197" type="stmt" count="0"/>
      <line num="200" type="stmt" count="3"/>
      <line num="203" type="method" name="createAnalysis" visibility="public" complexity="3" crap="12" count="0"/>
      <line num="205" type="stmt" count="0"/>
      <line num="207" type="stmt" count="0"/>
      <line num="208" type="stmt" count="0"/>
      <line num="211" type="stmt" count="0"/>
      <line num="213" type="stmt" count="0"/>
      <line num="214" type="stmt" count="0"/>
      <line num="215" type="stmt" count="0"/>
      <line num="216" type="stmt" count="0"/>
      <line num="217" type="stmt" count="0"/>
      <line num="218" type="stmt" count="0"/>
      <line num="219" type="stmt" count="0"/>
      <line num="220" type="stmt" count="0"/>
      <line num="221" type="stmt" count="0"/>
      <line num="222" type="stmt" count="0"/>
      <line num="223" type="stmt" count="0"/>
      <line num="225" type="stmt" count="0"/>
      <line num="226" type="stmt" count="0"/>
      <line num="229" type="stmt" count="0"/>
      <line num="230" type="stmt" count="0"/>
      <line num="231" type="stmt" count="0"/>
      <line num="232" type="stmt" count="0"/>
      <line num="233" type="stmt" count="0"/>
      <line num="235" type="stmt" count="0"/>
      <line num="245" type="method" name="getAnalysis" visibility="public" complexity="3" crap="12" count="0"/>
      <line num="247" type="stmt" count="0"/>
      <line num="249" type="stmt" count="0"/>
      <line num="250" type="stmt" count="0"/>
      <line num="254" type="stmt" count="0"/>
      <line num="255" type="stmt" count="0"/>
      <line num="256" type="stmt" count="0"/>
      <line num="257" type="stmt" count="0"/>
      <line num="258" type="stmt" count="0"/>
      <line num="259" type="stmt" count="0"/>
      <line num="260" type="stmt" count="0"/>
      <line num="262" type="stmt" count="0"/>
      <line num="266" type="stmt" count="0"/>
      <line num="269" type="stmt" count="0"/>
      <line num="282" type="method" name="addFTPLinks" visibility="public" complexity="2" crap="6" count="0"/>
      <line num="284" type="stmt" count="0"/>
      <line num="285" type="stmt" count="0"/>
      <line num="287" type="stmt" count="0"/>
      <line num="289" type="stmt" count="0"/>
      <metrics loc="290" ncloc="200" classes="1" methods="6" coveredmethods="0" conditionals="0" coveredconditionals="0" statements="102" coveredstatements="23" elements="108" coveredelements="23"/>
    </file>
    <file name="/Users/bc/tripal/sites/all/modules/custom/tripal_eutils/includes/repositories/EUtilsBioProjectRepository.php">
      <class name="EUtilsBioProjectRepository" namespace="global">
        <metrics complexity="13" methods="5" coveredmethods="1" conditionals="0" coveredconditionals="0" statements="46" coveredstatements="37" elements="51" coveredelements="38"/>
      </class>
      <line num="39" type="method" name="create" visibility="public" complexity="2" crap="2" count="1"/>
      <line num="41" type="stmt" count="1"/>
      <line num="44" type="stmt" count="1"/>
      <line num="45" type="stmt" count="1"/>
      <line num="47" type="stmt" count="1"/>
      <line num="48" type="stmt" count="1"/>
      <line num="49" type="stmt" count="1"/>
      <line num="52" type="stmt" count="1"/>
      <line num="54" type="stmt" count="1"/>
      <line num="56" type="stmt" count="1"/>
      <line num="60" type="stmt" count="1"/>
      <line num="62" type="stmt" count="1"/>
      <line num="73" type="method" name="createProject" visibility="public" complexity="3" crap="3.02" count="2"/>
      <line num="75" type="stmt" count="2"/>
      <line num="77" type="stmt" count="2"/>
      <line num="78" type="stmt" count="0"/>
      <line num="81" type="stmt" count="2"/>
      <line num="82" type="stmt" count="2"/>
      <line num="83" type="stmt" count="2"/>
      <line num="84" type="stmt" count="2"/>
      <line num="86" type="stmt" count="2"/>
      <line num="87" type="stmt" count="0"/>
      <line num="90" type="stmt" count="2"/>
      <line num="91" type="stmt" count="2"/>
      <line num="92" type="stmt" count="2"/>
      <line num="93" type="stmt" count="2"/>
      <line num="94" type="stmt" count="2"/>
      <line num="96" type="stmt" count="2"/>
      <line num="106" type="method" name="getProject" visibility="public" complexity="3" crap="3.07" count="2"/>
      <line num="108" type="stmt" count="2"/>
      <line num="109" type="stmt" count="0"/>
      <line num="113" type="stmt" count="2"/>
      <line num="114" type="stmt" count="2"/>
      <line num="115" type="stmt" count="2"/>
      <line num="116" type="stmt" count="2"/>
      <line num="117" type="stmt" count="2"/>
      <line num="119" type="stmt" count="2"/>
      <line num="120" type="stmt" count="0"/>
      <line num="123" type="stmt" count="2"/>
      <line num="136" type="method" name="createProps" visibility="public" complexity="2" crap="2.86" count="1"/>
      <line num="138" type="stmt" count="1"/>
      <line num="140" type="stmt" count="0"/>
      <line num="142" type="stmt" count="0"/>
      <line num="144" type="stmt" count="0"/>
      <line num="148" type="stmt" count="1"/>
      <line num="158" type="method" name="createAccessions" visibility="public" complexity="3" crap="3.58" count="1"/>
      <line num="159" type="stmt" count="1"/>
      <line num="161" type="stmt" count="1"/>
      <line num="163" type="stmt" count="0"/>
      <line num="164" type="stmt" count="0"/>
      <line num="168" type="stmt" count="1"/>
      <metrics loc="172" ncloc="104" classes="1" methods="5" coveredmethods="1" conditionals="0" coveredconditionals="0" statements="46" coveredstatements="37" elements="51" coveredelements="38"/>
    </file>
    <file name="/Users/bc/tripal/sites/all/modules/custom/tripal_eutils/includes/repositories/EUtilsBioSampleRepository.php">
      <class name="EUtilsBioSampleRepository" namespace="global">
        <metrics complexity="13" methods="5" coveredmethods="4" conditionals="0" coveredconditionals="0" statements="49" coveredstatements="48" elements="54" coveredelements="52"/>
      </class>
      <line num="36" type="method" name="create" visibility="public" complexity="2" crap="2" count="1"/>
      <line num="38" type="stmt" count="1"/>
      <line num="41" type="stmt" count="1"/>
      <line num="42" type="stmt" count="1"/>
      <line num="44" type="stmt" count="1"/>
      <line num="45" type="stmt" count="1"/>
      <line num="46" type="stmt" count="1"/>
      <line num="50" type="stmt" count="1"/>
      <line num="51" type="stmt" count="1"/>
      <line num="54" type="stmt" count="1"/>
      <line num="57" type="stmt" count="1"/>
      <line num="58" type="stmt" count="1"/>
      <line num="60" type="stmt" count="1"/>
      <line num="71" type="method" name="createBioSample" visibility="public" complexity="3" crap="3.00" count="3"/>
      <line num="73" type="stmt" count="3"/>
      <line num="75" type="stmt" count="3"/>
      <line num="76" type="stmt" count="1"/>
      <line num="79" type="stmt" count="2"/>
      <line num="80" type="stmt" count="2"/>
      <line num="81" type="stmt" count="2"/>
      <line num="82" type="stmt" count="2"/>
      <line num="84" type="stmt" count="2"/>
      <line num="85" type="stmt" count="0"/>
      <line num="88" type="stmt" count="2"/>
      <line num="89" type="stmt" count="2"/>
      <line num="90" type="stmt" count="2"/>
      <line num="91" type="stmt" count="2"/>
      <line num="92" type="stmt" count="2"/>
      <line num="94" type="stmt" count="2"/>
      <line num="104" type="method" name="getBioSample" visibility="public" complexity="3" crap="3" count="3"/>
      <line num="106" type="stmt" count="3"/>
      <line num="107" type="stmt" count="1"/>
      <line num="111" type="stmt" count="3"/>
      <line num="112" type="stmt" count="3"/>
      <line num="113" type="stmt" count="3"/>
      <line num="114" type="stmt" count="3"/>
      <line num="115" type="stmt" count="3"/>
      <line num="117" type="stmt" count="3"/>
      <line num="118" type="stmt" count="1"/>
      <line num="121" type="stmt" count="2"/>
      <line num="132" type="method" name="createAccessions" visibility="public" complexity="3" crap="3" count="1"/>
      <line num="133" type="stmt" count="1"/>
      <line num="135" type="stmt" count="1"/>
      <line num="137" type="stmt" count="1"/>
      <line num="138" type="stmt" count="1"/>
      <line num="143" type="stmt" count="1"/>
      <line num="153" type="method" name="createProps" visibility="public" complexity="2" crap="2" count="1"/>
      <line num="154" type="stmt" count="1"/>
      <line num="155" type="stmt" count="1"/>
      <line num="156" type="stmt" count="1"/>
      <line num="159" type="stmt" count="1"/>
      <line num="161" type="stmt" count="1"/>
      <line num="162" type="stmt" count="1"/>
      <line num="164" type="stmt" count="1"/>
      <metrics loc="165" ncloc="95" classes="1" methods="5" coveredmethods="4" conditionals="0" coveredconditionals="0" statements="49" coveredstatements="48" elements="54" coveredelements="52"/>
    </file>
    <file name="/Users/bc/tripal/sites/all/modules/custom/tripal_eutils/includes/repositories/EUtilsRepository.php">
      <class name="EUtilsRepository" namespace="global">
        <metrics complexity="33" methods="15" coveredmethods="9" conditionals="0" coveredconditionals="0" statements="116" coveredstatements="103" elements="131" coveredelements="112"/>
      </class>
      <line num="65" type="method" name="validateFields" visibility="public" complexity="3" crap="3.07" count="2"/>
      <line num="66" type="stmt" count="2"/>
      <line num="67" type="stmt" count="2"/>
      <line num="68" type="stmt" count="0"/>
      <line num="69" type="stmt" count="2"/>
      <line num="72" type="stmt" count="2"/>
      <line num="81" type="method" name="getAccessionByID" visibility="public" complexity="1" crap="1" count="2"/>
      <line num="82" type="stmt" count="2"/>
      <line num="83" type="stmt" count="2"/>
      <line num="84" type="stmt" count="2"/>
      <line num="85" type="stmt" count="2"/>
      <line num="86" type="stmt" count="2"/>
      <line num="98" type="method" name="getAccessionByName" visibility="public" complexity="3" crap="3.01" count="3"/>
      <line num="99" type="stmt" count="3"/>
      <line num="100" type="stmt" count="0"/>
      <line num="103" type="stmt" count="3"/>
      <line num="104" type="stmt" count="3"/>
      <line num="105" type="stmt" count="3"/>
      <line num="106" type="stmt" count="3"/>
      <line num="107" type="stmt" count="3"/>
      <line num="108" type="stmt" count="3"/>
      <line num="110" type="stmt" count="3"/>
      <line num="111" type="stmt" count="1"/>
      <line num="114" type="stmt" count="3"/>
      <line num="124" type="method" name="getDB" visibility="public" complexity="3" crap="3" count="3"/>
      <line num="125" type="stmt" count="3"/>
      <line num="126" type="stmt" count="1"/>
      <line num="129" type="stmt" count="3"/>
      <line num="130" type="stmt" count="3"/>
      <line num="131" type="stmt" count="3"/>
      <line num="132" type="stmt" count="3"/>
      <line num="133" type="stmt" count="3"/>
      <line num="135" type="stmt" count="3"/>
      <line num="136" type="stmt" count="3"/>
      <line num="139" type="stmt" count="2"/>
      <line num="150" type="method" name="createProperty" visibility="public" complexity="1" crap="1" count="2"/>
      <line num="151" type="stmt" count="2"/>
      <line num="153" type="stmt" count="2"/>
      <line num="154" type="stmt" count="2"/>
      <line num="156" type="stmt" count="2"/>
      <line num="158" type="stmt" count="2"/>
      <line num="159" type="stmt" count="2"/>
      <line num="162" type="stmt" count="2"/>
      <line num="164" type="stmt" count="2"/>
      <line num="177" type="method" name="createAccession" visibility="public" complexity="5" crap="5.14" count="2"/>
      <line num="178" type="stmt" count="2"/>
      <line num="179" type="stmt" count="1"/>
      <line num="182" type="stmt" count="2"/>
      <line num="184" type="stmt" count="2"/>
      <line num="185" type="stmt" count="1"/>
      <line num="188" type="stmt" count="2"/>
      <line num="190" type="stmt" count="2"/>
      <line num="191" type="stmt" count="0"/>
      <line num="193" type="stmt" count="0"/>
      <line num="196" type="stmt" count="2"/>
      <line num="197" type="stmt" count="2"/>
      <line num="198" type="stmt" count="2"/>
      <line num="199" type="stmt" count="2"/>
      <line num="200" type="stmt" count="2"/>
      <line num="202" type="stmt" count="2"/>
      <line num="204" type="stmt" count="1"/>
      <line num="207" type="stmt" count="0"/>
      <line num="220" type="method" name="createDBXref" visibility="private" complexity="1" crap="1" count="2"/>
      <line num="221" type="stmt" count="2"/>
      <line num="224" type="stmt" count="1"/>
      <line num="225" type="stmt" count="1"/>
      <line num="228" type="stmt" count="1"/>
      <line num="229" type="stmt" count="1"/>
      <line num="243" type="method" name="createXMLProp" visibility="public" complexity="1" crap="1" count="2"/>
      <line num="244" type="stmt" count="2"/>
      <line num="246" type="stmt" count="2"/>
      <line num="256" type="method" name="setBaseRecordId" visibility="public" complexity="1" crap="1" count="5"/>
      <line num="257" type="stmt" count="5"/>
      <line num="258" type="stmt" count="5"/>
      <line num="269" type="method" name="setBaseTable" visibility="public" complexity="1" crap="1" count="2"/>
      <line num="270" type="stmt" count="2"/>
      <line num="272" type="stmt" count="2"/>
      <line num="280" type="method" name="validateBaseData" visibility="protected" complexity="3" crap="3.07" count="3"/>
      <line num="281" type="stmt" count="3"/>
      <line num="282" type="stmt" count="1"/>
      <line num="285" type="stmt" count="2"/>
      <line num="286" type="stmt" count="0"/>
      <line num="288" type="stmt" count="2"/>
      <line num="300" type="method" name="getOrganism" visibility="public" complexity="3" crap="3.04" count="3"/>
      <line num="303" type="stmt" count="3"/>
      <line num="306" type="stmt" count="3"/>
      <line num="307" type="stmt" count="0"/>
      <line num="311" type="stmt" count="3"/>
      <line num="315" type="stmt" count="3"/>
      <line num="317" type="stmt" count="3"/>
      <line num="318" type="stmt" count="3"/>
      <line num="320" type="stmt" count="3"/>
      <line num="323" type="stmt" count="3"/>
      <line num="325" type="stmt" count="3"/>
      <line num="326" type="stmt" count="0"/>
      <line num="329" type="stmt" count="3"/>
      <line num="340" type="method" name="organismQuery" visibility="private" complexity="1" crap="1" count="3"/>
      <line num="342" type="stmt" count="3"/>
      <line num="344" type="stmt" count="3"/>
      <line num="345" type="stmt" count="3"/>
      <line num="346" type="stmt" count="3"/>
      <line num="348" type="stmt" count="3"/>
      <line num="349" type="stmt" count="3"/>
      <line num="350" type="stmt" count="3"/>
      <line num="351" type="stmt" count="3"/>
      <line num="352" type="stmt" count="3"/>
      <line num="355" type="stmt" count="3"/>
      <line num="369" type="method" name="getNCBIRecord" visibility="public" complexity="2" crap="6" count="0"/>
      <line num="371" type="stmt" count="0"/>
      <line num="372" type="stmt" count="0"/>
      <line num="373" type="stmt" count="0"/>
      <line num="374" type="stmt" count="0"/>
      <line num="376" type="stmt" count="0"/>
      <line num="384" type="method" name="linkProjects" visibility="public" complexity="3" crap="3" count="1"/>
      <line num="386" type="stmt" count="1"/>
      <line num="388" type="stmt" count="1"/>
      <line num="391" type="stmt" count="1"/>
      <line num="392" type="stmt" count="1"/>
      <line num="394" type="stmt" count="1"/>
      <line num="395" type="stmt" count="1"/>
      <line num="396" type="stmt" count="1"/>
      <line num="397" type="stmt" count="1"/>
      <line num="398" type="stmt" count="1"/>
      <line num="399" type="stmt" count="1"/>
      <line num="400" type="stmt" count="1"/>
      <line num="402" type="stmt" count="1"/>
      <line num="403" type="stmt" count="1"/>
      <line num="404" type="stmt" count="1"/>
      <line num="405" type="stmt" count="1"/>
      <line num="407" type="stmt" count="1"/>
      <line num="411" type="stmt" count="1"/>
      <metrics loc="412" ncloc="245" classes="1" methods="15" coveredmethods="9" conditionals="0" coveredconditionals="0" statements="116" coveredstatements="103" elements="131" coveredelements="112"/>
    </file>
    <file name="/Users/bc/tripal/sites/all/modules/custom/tripal_eutils/includes/repositories/EutilsRepositoryFactory.php">
      <class name="EutilsRepositoryFactory" namespace="global">
        <metrics complexity="4" methods="1" coveredmethods="0" conditionals="0" coveredconditionals="0" statements="8" coveredstatements="0" elements="9" coveredelements="0"/>
      </class>
      <line num="10" type="method" name="get" visibility="public" complexity="4" crap="20" count="0"/>
      <line num="12" type="stmt" count="0"/>
      <line num="14" type="stmt" count="0"/>
      <line num="15" type="stmt" count="0"/>
      <line num="17" type="stmt" count="0"/>
      <line num="18" type="stmt" count="0"/>
      <line num="21" type="stmt" count="0"/>
      <line num="22" type="stmt" count="0"/>
      <line num="26" type="stmt" count="0"/>
      <metrics loc="30" ncloc="25" classes="1" methods="1" coveredmethods="0" conditionals="0" coveredconditionals="0" statements="8" coveredstatements="0" elements="9" coveredelements="0"/>
    </file>
    <metrics files="5" loc="1069" ncloc="669" classes="5" methods="32" coveredmethods="14" conditionals="0" coveredconditionals="0" statements="321" coveredstatements="211" elements="353" coveredelements="225"/>
  </project>
</coverage>
